<?xml version="1.0" encoding="UTF-8"?>
<!-- Generated by org.testng.reporters.JUnitReportReporter -->
<testsuite hostname="LAPTOP-0STQ7AK3" failures="0" tests="1" name="com.test.run.Runner" time="1.694" errors="0" timestamp="2025-01-05T15:19:29 EST" skipped="0">
  <testcase classname="com.test.run.Runner" name="runScenario" time="1.694"/>
  <system-out/>
</testsuite> <!-- com.test.run.Runner -->
