<?xml version="1.0" encoding="UTF-8"?>
<!-- Generated by org.testng.reporters.JUnitReportReporter -->
<testsuite hostname="LAPTOP-0STQ7AK3" failures="0" tests="2" name="com.test.run.Runner" time="3.440" errors="0" timestamp="2025-01-09T20:19:52 EST" skipped="0">
  <testcase classname="com.test.run.Runner" name="runScenario" time="0.270"/>
  <system-out/>
  <testcase classname="com.test.run.Runner" name="runScenario" time="3.170"/>
  <system-out/>
</testsuite> <!-- com.test.run.Runner -->
